<?xml version="1.0" encoding="UTF-8"?>
<testsuites name="Test" time="6.65" tests="1" failures="0" errors="0">
   <testsuite name="Test" tests="1" failures="0" errors="0" time="6.65" skipped="0" timestamp="24-01-2024T17:14:11" hostname="Ivan - IvanHPLaptop" id="Test Suites/Test">
      <properties>
         <property name="deviceName" value=""/>
         <property name="devicePlatform" value=""/>
         <property name="logFolder" value="C:\\Users\\Ivan\\Katalon Studio\\My First Project\\Reports\\20240124_171402\\Test\\20240124_171402"/>
         <property name="logFiles" value="C:\\Users\\Ivan\\Katalon Studio\\My First Project\\Reports\\20240124_171402\\Test\\20240124_171402\\execution0.log"/>
         <property name="attachments" value=""/>
         <property name="hostName" value="Ivan - IvanHPLaptop"/>
         <property name="os" value="Windows 11 64bit"/>
         <property name="katalonVersion" value="9.2.0.212"/>
         <property name="browser" value="Chrome 120.0.0.0"/>
         <property name="hostAddress" value="192.168.0.20"/>
         <property name="sessionId" value="1bf2e021a8b63c5bc8b7b7cc25330a2c"/>
         <property name="seleniumVersion" value="3.141.59"/>
         <property name="proxyInformation" value="ProxyInformation { proxyOption=NO_PROXY, proxyServerType=HTTP, username=, password=********, proxyServerAddress=, proxyServerPort=0, executionList=&quot;&quot;, isApplyToDesiredCapabilities=true }"/>
         <property name="platform" value="Windows 11"/>
      </properties>
      <testcase name="Test Cases/Nav related elements are visible" time="6.325" classname="Test Cases/Nav related elements are visible" status="PASSED">
         <system-out><![CDATA[24-01-2024T17:14:11 - [TEST_CASE][PASSED] - Test Cases/Nav related elements are visible: Test Cases/Nav related elements are visible

24-01-2024T17:14:12 - [TEST_STEP][PASSED] - openBrowser(""): Browser is opened with url: ''

24-01-2024T17:14:12 - [MESSAGE][INFO] - Starting 'Chrome' driver

24-01-2024T17:14:12 - [MESSAGE][INFO] - Action delay is set to 0 milliseconds

24-01-2024T17:14:14 - [MESSAGE][PASSED] - Browser is opened with url: ''

24-01-2024T17:14:14 - [TEST_STEP][PASSED] - navigateToUrl("https://katalon-demo-cura.herokuapp.com/"): Navigate to 'https://katalon-demo-cura.herokuapp.com/' successfully

24-01-2024T17:14:15 - [MESSAGE][PASSED] - Navigate to 'https://katalon-demo-cura.herokuapp.com/' successfully

24-01-2024T17:14:15 - [TEST_STEP][PASSED] - click(findTestObject("Object Repository/Page_CURA Healthcare Service/Main/i_navMenuIcon")): Object: 'Object Repository/Page_CURA Healthcare Service/Main/i_navMenuIcon' is clicked on

24-01-2024T17:14:16 - [MESSAGE][PASSED] - Object: 'Object Repository/Page_CURA Healthcare Service/Main/i_navMenuIcon' is clicked on

24-01-2024T17:14:16 - [TEST_STEP][PASSED] - verifyElementVisible(findTestObject("Object Repository/Page_CURA Healthcare Service/Navigation/a_CURA Healthcare Nav Heading")): Object 'Object Repository/Page_CURA Healthcare Service/Navigation/a_CURA Healthcare Nav Heading' is visible

24-01-2024T17:14:16 - [MESSAGE][PASSED] - Object 'Object Repository/Page_CURA Healthcare Service/Navigation/a_CURA Healthcare Nav Heading' is visible

24-01-2024T17:14:16 - [TEST_STEP][PASSED] - verifyElementVisible(findTestObject("Object Repository/Page_CURA Healthcare Service/Navigation/a_Home")): Object 'Object Repository/Page_CURA Healthcare Service/Navigation/a_Home' is visible

24-01-2024T17:14:17 - [MESSAGE][PASSED] - Object 'Object Repository/Page_CURA Healthcare Service/Navigation/a_Home' is visible

24-01-2024T17:14:17 - [TEST_STEP][PASSED] - verifyElementVisible(findTestObject("Object Repository/Page_CURA Healthcare Service/Navigation/a_Login")): Object 'Object Repository/Page_CURA Healthcare Service/Navigation/a_Login' is visible

24-01-2024T17:14:17 - [MESSAGE][PASSED] - Object 'Object Repository/Page_CURA Healthcare Service/Navigation/a_Login' is visible

24-01-2024T17:14:17 - [TEST_STEP][PASSED] - closeBrowser(): Browser is closed

24-01-2024T17:14:18 - [MESSAGE][PASSED] - Browser is closed]]></system-out>
         <system-err><![CDATA[]]></system-err>
      </testcase>
      <system-out><![CDATA[24-01-2024T17:14:11 - [TEST_SUITE][PASSED] - Test: Test Cases/Nav related elements are visible]]></system-out>
      <system-err><![CDATA[]]></system-err>
   </testsuite>
</testsuites>
